{"name": "Test01: Adding 2 numbers", "status": "failed", "statusDetails": {"message": "AssertionError: Verify Equals Failed, Actual:7is not Equals to Expected: 8", "trace": "self = <test_cases.test_desktop.Test_Desktop object at 0x0000021C8574D050>\n\n    @allure.title('Test01: Adding 2 numbers')\n    @allure.description('This test adds 2 numbers and verify the result')\n    def test_add_numbers_and_verify(self):\n        DesktopFlows.calculate_flow('1+7')\n>       Verifications.verify_equals(DesktopFlows.get_result_flow(), '8')\n\ntest_cases\\test_desktop.py:16: \n_ _ _ _ _ _ _ _ _ _ _ _ _ _ _ _ _ _ _ _ _ _ _ _ _ _ _ _ _ _ _ _ _ _ _ _ _ _ _ _\n\nactual = '7', expected = '8'\n\n    @staticmethod\n    @allure.step('verify equals')\n    def verify_equals(actual, expected):\n>       assert actual==expected,'Verify Equals Failed, Actual:'+str(actual) + 'is not Equals to Expected: ' +str(expected)\nE       AssertionError: Verify Equals Failed, Actual:7is not Equals to Expected: 8\n\nextensions\\verifications.py:10: AssertionError"}, "description": "This test adds 2 numbers and verify the result", "steps": [{"name": "Calculate equation", "status": "passed", "steps": [{"name": "click on element", "status": "passed", "parameters": [{"name": "elem", "value": "<selenium.webdriver.support.event_firing_webdriver.EventFiringWebElement object at 0x0000021C85AA0D10>"}], "start": 1710679322394, "stop": 1710679322795}, {"name": "click on element", "status": "passed", "parameters": [{"name": "elem", "value": "<selenium.webdriver.support.event_firing_webdriver.EventFiringWebElement object at 0x0000021C85AA0D10>"}], "start": 1710679322925, "stop": 1710679323310}, {"name": "click on element", "status": "passed", "parameters": [{"name": "elem", "value": "<selenium.webdriver.support.event_firing_webdriver.EventFiringWebElement object at 0x0000021C85AA1AD0>"}], "start": 1710679323420, "stop": 1710679323761}, {"name": "click on element", "status": "passed", "parameters": [{"name": "elem", "value": "<selenium.webdriver.support.event_firing_webdriver.EventFiringWebElement object at 0x0000021C85AA05D0>"}], "start": 1710679323878, "stop": 1710679324210}], "parameters": [{"name": "equation", "value": "'1+7'"}], "start": 1710679322244, "stop": 1710679324210}, {"name": "Get calculator result", "status": "passed", "start": 1710679324210, "stop": 1710679324535}, {"name": "verify equals", "status": "failed", "statusDetails": {"message": "AssertionError: Verify Equals Failed, Actual:7is not Equals to Expected: 8\n", "trace": "  File \"C:\\Automation\\pythonProject\\test_automation_final_project\\venv\\Lib\\site-packages\\allure_commons\\_allure.py\", line 192, in impl\n    return func(*a, **kw)\n           ^^^^^^^^^^^^^^\n  File \"C:\\Automation\\pythonProject\\test_automation_final_project\\extensions\\verifications.py\", line 10, in verify_equals\n    assert actual==expected,'Verify Equals Failed, Actual:'+str(actual) + 'is not Equals to Expected: ' +str(expected)\n           ^^^^^^^^^^^^^^^^\n"}, "parameters": [{"name": "actual", "value": "'7'"}, {"name": "expected", "value": "'8'"}], "start": 1710679324535, "stop": 1710679324535}], "attachments": [{"source": "bb5f030e-3f4a-423c-9284-f806f0490283-attachment.png", "type": "image/png"}], "start": 1710679322244, "stop": 1710679324554, "uuid": "102a25f5-f248-451d-afae-a3d428f19e1a", "testCaseId": "8d4af7095e0ee7e5add3c3846173e7e6", "fullName": "test_cases.test_desktop.Test_Desktop#test_add_numbers_and_verify"}