{"name": "Test01: Adding 2 numbers", "status": "failed", "statusDetails": {"message": "AssertionError: Verify Equals Failed, Actual:2is not Equals to Expected: 8", "trace": "self = <test_cases.test_desktop.Test_Desktop object at 0x0000027DEF21CE50>\n\n    @allure.title('Test01: Adding 2 numbers')\n    @allure.description('This test adds 2 numbers and verify the result')\n    def test_add_numbers_and_verify(self):\n        DesktopFlows.calculate_flow('1+7')\n>       Verifications.verify_equals(DesktopFlows.get_result_flow(), '8')\n\ntest_cases\\test_desktop.py:16: \n_ _ _ _ _ _ _ _ _ _ _ _ _ _ _ _ _ _ _ _ _ _ _ _ _ _ _ _ _ _ _ _ _ _ _ _ _ _ _ _\n\nactual = '2', expected = '8'\n\n    @staticmethod\n    @allure.step('verify equals')\n    def verify_equals(actual, expected):\n>       assert actual==expected,'Verify Equals Failed, Actual:'+str(actual) + 'is not Equals to Expected: ' +str(expected)\nE       AssertionError: Verify Equals Failed, Actual:2is not Equals to Expected: 8\n\nextensions\\verifications.py:10: AssertionError"}, "description": "This test adds 2 numbers and verify the result", "steps": [{"name": "Calculate equation", "status": "passed", "steps": [{"name": "click on element", "status": "passed", "parameters": [{"name": "elem", "value": "<selenium.webdriver.support.event_firing_webdriver.EventFiringWebElement object at 0x0000027DEF570A10>"}], "start": 1709938339288, "stop": 1709938339753}, {"name": "click on element", "status": "passed", "parameters": [{"name": "elem", "value": "<selenium.webdriver.support.event_firing_webdriver.EventFiringWebElement object at 0x0000027DEF570E50>"}], "start": 1709938339935, "stop": 1709938340318}, {"name": "click on element", "status": "passed", "parameters": [{"name": "elem", "value": "<selenium.webdriver.support.event_firing_webdriver.EventFiringWebElement object at 0x0000027DEF1F0210>"}], "start": 1709938340594, "stop": 1709938341171}, {"name": "click on element", "status": "passed", "parameters": [{"name": "elem", "value": "<selenium.webdriver.support.event_firing_webdriver.EventFiringWebElement object at 0x0000027DEF571ED0>"}], "start": 1709938341353, "stop": 1709938341801}], "parameters": [{"name": "equation", "value": "'1+7'"}], "start": 1709938339037, "stop": 1709938341801}, {"name": "Get calculator result", "status": "passed", "start": 1709938341801, "stop": 1709938342510}, {"name": "verify equals", "status": "failed", "statusDetails": {"message": "AssertionError: Verify Equals Failed, Actual:2is not Equals to Expected: 8\n", "trace": "  File \"C:\\Automation\\pythonProject\\test_automation_final_project\\venv\\Lib\\site-packages\\allure_commons\\_allure.py\", line 192, in impl\n    return func(*a, **kw)\n           ^^^^^^^^^^^^^^\n  File \"C:\\Automation\\pythonProject\\test_automation_final_project\\extensions\\verifications.py\", line 10, in verify_equals\n    assert actual==expected,'Verify Equals Failed, Actual:'+str(actual) + 'is not Equals to Expected: ' +str(expected)\n           ^^^^^^^^^^^^^^^^\n"}, "parameters": [{"name": "actual", "value": "'2'"}, {"name": "expected", "value": "'8'"}], "start": 1709938342510, "stop": 1709938342510}], "attachments": [{"source": "65460b06-9e8b-41f1-8f69-fe0dd1d0b155-attachment.png", "type": "image/png"}], "start": 1709938339037, "stop": 1709938342548, "uuid": "c242cf12-9987-484e-a772-3e31b5fff00f", "testCaseId": "8d4af7095e0ee7e5add3c3846173e7e6", "fullName": "test_cases.test_desktop.Test_Desktop#test_add_numbers_and_verify"}