{"name": "Test02: Arithmetic Actions", "status": "failed", "statusDetails": {"message": "AssertionError: Verify Equals Failed, Actual:25is not Equals to Expected: 5", "trace": "self = <test_cases.test_desktop.Test_Desktop object at 0x000001427C6FD690>\n\n    @allure.title('Test02: Arithmetic Actions')\n    @allure.description('This test does some arithmetic actions and verifies it')\n    def test_arithmetic_actions(self):\n        DesktopFlows.calculate_flow('2*5+50/2-25')\n>       Verifications.verify_equals(DesktopFlows.get_result_flow(), '5')\n\ntest_cases\\test_desktop.py:22: \n_ _ _ _ _ _ _ _ _ _ _ _ _ _ _ _ _ _ _ _ _ _ _ _ _ _ _ _ _ _ _ _ _ _ _ _ _ _ _ _\n\nactual = '25', expected = '5'\n\n    @staticmethod\n    @allure.step('verify equals')\n    def verify_equals(actual, expected):\n>       assert actual==expected,'Verify Equals Failed, Actual:'+str(actual) + 'is not Equals to Expected: ' +str(expected)\nE       AssertionError: Verify Equals Failed, Actual:25is not Equals to Expected: 5\n\nextensions\\verifications.py:10: AssertionError"}, "description": "This test does some arithmetic actions and verifies it", "steps": [{"name": "Calculate equation", "status": "passed", "steps": [{"name": "click on element", "status": "passed", "parameters": [{"name": "elem", "value": "<selenium.webdriver.support.event_firing_webdriver.EventFiringWebElement object at 0x000001427CA5A750>"}], "start": 1708864915141, "stop": 1708864915483}, {"name": "click on element", "status": "passed", "parameters": [{"name": "elem", "value": "<selenium.webdriver.support.event_firing_webdriver.EventFiringWebElement object at 0x000001427CA5B290>"}], "start": 1708864915590, "stop": 1708864915951}, {"name": "click on element", "status": "passed", "parameters": [{"name": "elem", "value": "<selenium.webdriver.support.event_firing_webdriver.EventFiringWebElement object at 0x000001427CA5A690>"}], "start": 1708864916056, "stop": 1708864916386}, {"name": "click on element", "status": "passed", "parameters": [{"name": "elem", "value": "<selenium.webdriver.support.event_firing_webdriver.EventFiringWebElement object at 0x000001427CA5B890>"}], "start": 1708864916486, "stop": 1708864916855}, {"name": "click on element", "status": "passed", "parameters": [{"name": "elem", "value": "<selenium.webdriver.support.event_firing_webdriver.EventFiringWebElement object at 0x000001427C6D3E50>"}], "start": 1708864916971, "stop": 1708864918000}, {"name": "click on element", "status": "passed", "parameters": [{"name": "elem", "value": "<selenium.webdriver.support.event_firing_webdriver.EventFiringWebElement object at 0x000001427CA701D0>"}], "start": 1708864918143, "stop": 1708864918523}, {"name": "click on element", "status": "passed", "parameters": [{"name": "elem", "value": "<selenium.webdriver.support.event_firing_webdriver.EventFiringWebElement object at 0x000001427CA709D0>"}], "start": 1708864918625, "stop": 1708864918992}, {"name": "click on element", "status": "passed", "parameters": [{"name": "elem", "value": "<selenium.webdriver.support.event_firing_webdriver.EventFiringWebElement object at 0x000001427CA70A10>"}], "start": 1708864919109, "stop": 1708864919503}, {"name": "click on element", "status": "passed", "parameters": [{"name": "elem", "value": "<selenium.webdriver.support.event_firing_webdriver.EventFiringWebElement object at 0x000001427CA71390>"}], "start": 1708864919605, "stop": 1708864919924}, {"name": "click on element", "status": "passed", "parameters": [{"name": "elem", "value": "<selenium.webdriver.support.event_firing_webdriver.EventFiringWebElement object at 0x000001427CA711D0>"}], "start": 1708864920058, "stop": 1708864920387}, {"name": "click on element", "status": "passed", "parameters": [{"name": "elem", "value": "<selenium.webdriver.support.event_firing_webdriver.EventFiringWebElement object at 0x000001427CA72590>"}], "start": 1708864920501, "stop": 1708864920850}, {"name": "click on element", "status": "passed", "parameters": [{"name": "elem", "value": "<selenium.webdriver.support.event_firing_webdriver.EventFiringWebElement object at 0x000001427CA72F50>"}], "start": 1708864920971, "stop": 1708864921327}], "parameters": [{"name": "equation", "value": "'2*5+50/2-25'"}], "start": 1708864915040, "stop": 1708864921327}, {"name": "Get calculator result", "status": "passed", "start": 1708864921327, "stop": 1708864921696}, {"name": "verify equals", "status": "failed", "statusDetails": {"message": "AssertionError: Verify Equals Failed, Actual:25is not Equals to Expected: 5\n", "trace": "  File \"C:\\Automation\\pythonProject\\test_automation_final_project\\venv\\Lib\\site-packages\\allure_commons\\_allure.py\", line 192, in impl\n    return func(*a, **kw)\n           ^^^^^^^^^^^^^^\n  File \"C:\\Automation\\pythonProject\\test_automation_final_project\\extensions\\verifications.py\", line 10, in verify_equals\n    assert actual==expected,'Verify Equals Failed, Actual:'+str(actual) + 'is not Equals to Expected: ' +str(expected)\n           ^^^^^^^^^^^^^^^^\n"}, "parameters": [{"name": "actual", "value": "'25'"}, {"name": "expected", "value": "'5'"}], "start": 1708864921696, "stop": 1708864921696}], "attachments": [{"source": "d30be9c4-fabe-4e2a-b844-d15244faaa2c-attachment.png", "type": "image/png"}], "start": 1708864915040, "stop": 1708864921720, "uuid": "c478e5ab-2120-4c1e-b27d-81312f5c12ad", "testCaseId": "4093a486c115a5e4c440b7ec1c57cbc4", "fullName": "test_cases.test_desktop.Test_Desktop#test_arithmetic_actions"}