{"uuid": "41eba910-9746-4d61-adcb-6fb1606bd21d", "children": ["ff3d6bf8-156a-47a5-aee3-b6aeb41efd5a"], "befores": [{"name": "_xunit_setup_method_fixture_Test_Desktop", "status": "passed", "start": 1710074521314, "stop": 1710074521314}], "afters": [{"name": "_xunit_setup_method_fixture_Test_Desktop::0", "status": "broken", "statusDetails": {"message": "selenium.common.exceptions.NoSuchElementException: Message: An element could not be located on the page using the given search parameters.\n\n", "trace": "  File \"C:\\Automation\\pythonProject\\test_automation_final_project\\venv\\Lib\\site-packages\\allure_commons\\_allure.py\", line 221, in __call__\n    return self._fixture_function(*args, **kwargs)\n           ^^^^^^^^^^^^^^^^^^^^^^^^^^^^^^^^^^^^^^^\n  File \"C:\\Automation\\pythonProject\\test_automation_final_project\\venv\\Lib\\site-packages\\_pytest\\fixtures.py\", line 911, in _teardown_yield_fixture\n    next(it)\n  File \"C:\\Automation\\pythonProject\\test_automation_final_project\\venv\\Lib\\site-packages\\_pytest\\python.py\", line 910, in xunit_setup_method_fixture\n    _call_with_optional_argument(func, method)\n  File \"C:\\Automation\\pythonProject\\test_automation_final_project\\venv\\Lib\\site-packages\\_pytest\\python.py\", line 779, in _call_with_optional_argument\n    func()\n  File \"C:\\Automation\\pythonProject\\test_automation_final_project\\test_cases\\test_desktop.py\", line 25, in teardown_method\n    DesktopFlows.clear_flow()\n  File \"C:\\Automation\\pythonProject\\test_automation_final_project\\venv\\Lib\\site-packages\\allure_commons\\_allure.py\", line 192, in impl\n    return func(*a, **kw)\n           ^^^^^^^^^^^^^^\n  File \"C:\\Automation\\pythonProject\\test_automation_final_project\\workflows\\desktop_flows.py\", line 57, in clear_flow\n    UiActions.click(page.standard_calc.get_clear())\n                    ^^^^^^^^^^^^^^^^^^^^^^^^^^^^^^\n  File \"C:\\Automation\\pythonProject\\test_automation_final_project\\page_objects\\desktop_objects\\standard_page.py\", line 75, in get_clear\n    return self.driver.find_element(clear[0], clear[1])\n           ^^^^^^^^^^^^^^^^^^^^^^^^^^^^^^^^^^^^^^^^^^^^\n  File \"C:\\Automation\\pythonProject\\test_automation_final_project\\venv\\Lib\\site-packages\\selenium\\webdriver\\support\\event_firing_webdriver.py\", line 101, in find_element\n    return self._dispatch(\"find\", (by, value, self._driver), \"find_element\", (by, value))\n           ^^^^^^^^^^^^^^^^^^^^^^^^^^^^^^^^^^^^^^^^^^^^^^^^^^^^^^^^^^^^^^^^^^^^^^^^^^^^^^\n  File \"C:\\Automation\\pythonProject\\test_automation_final_project\\venv\\Lib\\site-packages\\selenium\\webdriver\\support\\event_firing_webdriver.py\", line 160, in _dispatch\n    raise e\n  File \"C:\\Automation\\pythonProject\\test_automation_final_project\\venv\\Lib\\site-packages\\selenium\\webdriver\\support\\event_firing_webdriver.py\", line 157, in _dispatch\n    result = getattr(self._driver, d_call)(*d_args)\n             ^^^^^^^^^^^^^^^^^^^^^^^^^^^^^^^^^^^^^^\n  File \"C:\\Automation\\pythonProject\\test_automation_final_project\\venv\\Lib\\site-packages\\appium\\webdriver\\webdriver.py\", line 414, in find_element\n    return self.execute(RemoteCommand.FIND_ELEMENT, {'using': by, 'value': value})['value']\n           ^^^^^^^^^^^^^^^^^^^^^^^^^^^^^^^^^^^^^^^^^^^^^^^^^^^^^^^^^^^^^^^^^^^^^^^\n  File \"C:\\Automation\\pythonProject\\test_automation_final_project\\venv\\Lib\\site-packages\\selenium\\webdriver\\remote\\webdriver.py\", line 321, in execute\n    self.error_handler.check_response(response)\n  File \"C:\\Automation\\pythonProject\\test_automation_final_project\\venv\\Lib\\site-packages\\appium\\webdriver\\errorhandler.py\", line 31, in check_response\n    raise wde\n  File \"C:\\Automation\\pythonProject\\test_automation_final_project\\venv\\Lib\\site-packages\\appium\\webdriver\\errorhandler.py\", line 26, in check_response\n    super().check_response(response)\n  File \"C:\\Automation\\pythonProject\\test_automation_final_project\\venv\\Lib\\site-packages\\selenium\\webdriver\\remote\\errorhandler.py\", line 242, in check_response\n    raise exception_class(message, screen, stacktrace)\n"}, "steps": [{"name": "Clear calculator page", "status": "broken", "statusDetails": {"message": "selenium.common.exceptions.NoSuchElementException: Message: An element could not be located on the page using the given search parameters.\n\n", "trace": "  File \"C:\\Automation\\pythonProject\\test_automation_final_project\\venv\\Lib\\site-packages\\allure_commons\\_allure.py\", line 192, in impl\n    return func(*a, **kw)\n           ^^^^^^^^^^^^^^\n  File \"C:\\Automation\\pythonProject\\test_automation_final_project\\workflows\\desktop_flows.py\", line 57, in clear_flow\n    UiActions.click(page.standard_calc.get_clear())\n                    ^^^^^^^^^^^^^^^^^^^^^^^^^^^^^^\n  File \"C:\\Automation\\pythonProject\\test_automation_final_project\\page_objects\\desktop_objects\\standard_page.py\", line 75, in get_clear\n    return self.driver.find_element(clear[0], clear[1])\n           ^^^^^^^^^^^^^^^^^^^^^^^^^^^^^^^^^^^^^^^^^^^^\n  File \"C:\\Automation\\pythonProject\\test_automation_final_project\\venv\\Lib\\site-packages\\selenium\\webdriver\\support\\event_firing_webdriver.py\", line 101, in find_element\n    return self._dispatch(\"find\", (by, value, self._driver), \"find_element\", (by, value))\n           ^^^^^^^^^^^^^^^^^^^^^^^^^^^^^^^^^^^^^^^^^^^^^^^^^^^^^^^^^^^^^^^^^^^^^^^^^^^^^^\n  File \"C:\\Automation\\pythonProject\\test_automation_final_project\\venv\\Lib\\site-packages\\selenium\\webdriver\\support\\event_firing_webdriver.py\", line 160, in _dispatch\n    raise e\n  File \"C:\\Automation\\pythonProject\\test_automation_final_project\\venv\\Lib\\site-packages\\selenium\\webdriver\\support\\event_firing_webdriver.py\", line 157, in _dispatch\n    result = getattr(self._driver, d_call)(*d_args)\n             ^^^^^^^^^^^^^^^^^^^^^^^^^^^^^^^^^^^^^^\n  File \"C:\\Automation\\pythonProject\\test_automation_final_project\\venv\\Lib\\site-packages\\appium\\webdriver\\webdriver.py\", line 414, in find_element\n    return self.execute(RemoteCommand.FIND_ELEMENT, {'using': by, 'value': value})['value']\n           ^^^^^^^^^^^^^^^^^^^^^^^^^^^^^^^^^^^^^^^^^^^^^^^^^^^^^^^^^^^^^^^^^^^^^^^\n  File \"C:\\Automation\\pythonProject\\test_automation_final_project\\venv\\Lib\\site-packages\\selenium\\webdriver\\remote\\webdriver.py\", line 321, in execute\n    self.error_handler.check_response(response)\n  File \"C:\\Automation\\pythonProject\\test_automation_final_project\\venv\\Lib\\site-packages\\appium\\webdriver\\errorhandler.py\", line 31, in check_response\n    raise wde\n  File \"C:\\Automation\\pythonProject\\test_automation_final_project\\venv\\Lib\\site-packages\\appium\\webdriver\\errorhandler.py\", line 26, in check_response\n    super().check_response(response)\n  File \"C:\\Automation\\pythonProject\\test_automation_final_project\\venv\\Lib\\site-packages\\selenium\\webdriver\\remote\\errorhandler.py\", line 242, in check_response\n    raise exception_class(message, screen, stacktrace)\n"}, "start": 1710074524937, "stop": 1710074527175}], "start": 1710074524937, "stop": 1710074527329}], "start": 1710074521314, "stop": 1710074527329}