{"name": "Test01: Adding 2 numbers", "status": "failed", "statusDetails": {"message": "AssertionError: Verify Equals Failed, Actual:17is not Equals to Expected: 8", "trace": "self = <test_cases.test_desktop.Test_Desktop object at 0x000002B669D7D190>\n\n    @allure.title('Test01: Adding 2 numbers')\n    @allure.description('This test adds 2 numbers and verify the result')\n    def test_add_numbers_and_verify(self):\n        DesktopFlows.calculate_flow('1+7')\n>       Verifications.verify_equals(DesktopFlows.get_result_flow(), '8')\n\ntest_cases\\test_desktop.py:16: \n_ _ _ _ _ _ _ _ _ _ _ _ _ _ _ _ _ _ _ _ _ _ _ _ _ _ _ _ _ _ _ _ _ _ _ _ _ _ _ _\n\nactual = '17', expected = '8'\n\n    @staticmethod\n    @allure.step('verify equals')\n    def verify_equals(actual, expected):\n>       assert actual==expected,'Verify Equals Failed, Actual:'+str(actual) + 'is not Equals to Expected: ' +str(expected)\nE       AssertionError: Verify Equals Failed, Actual:17is not Equals to Expected: 8\n\nextensions\\verifications.py:10: AssertionError"}, "description": "This test adds 2 numbers and verify the result", "steps": [{"name": "Calculate equation", "status": "passed", "steps": [{"name": "click on element", "status": "passed", "parameters": [{"name": "elem", "value": "<selenium.webdriver.support.event_firing_webdriver.EventFiringWebElement object at 0x000002B66A0D0E10>"}], "start": 1710674857142, "stop": 1710674857735}, {"name": "click on element", "status": "passed", "parameters": [{"name": "elem", "value": "<selenium.webdriver.support.event_firing_webdriver.EventFiringWebElement object at 0x000002B66A0D11D0>"}], "start": 1710674858011, "stop": 1710674858488}, {"name": "click on element", "status": "passed", "parameters": [{"name": "elem", "value": "<selenium.webdriver.support.event_firing_webdriver.EventFiringWebElement object at 0x000002B668B68E90>"}], "start": 1710674858770, "stop": 1710674859299}, {"name": "click on element", "status": "passed", "parameters": [{"name": "elem", "value": "<selenium.webdriver.support.event_firing_webdriver.EventFiringWebElement object at 0x000002B66A0D29D0>"}], "start": 1710674859590, "stop": 1710674860114}], "parameters": [{"name": "equation", "value": "'1+7'"}], "start": 1710674856850, "stop": 1710674860114}, {"name": "Get calculator result", "status": "passed", "start": 1710674860114, "stop": 1710674861671}, {"name": "verify equals", "status": "failed", "statusDetails": {"message": "AssertionError: Verify Equals Failed, Actual:17is not Equals to Expected: 8\n", "trace": "  File \"C:\\Automation\\pythonProject\\test_automation_final_project\\venv\\Lib\\site-packages\\allure_commons\\_allure.py\", line 192, in impl\n    return func(*a, **kw)\n           ^^^^^^^^^^^^^^\n  File \"C:\\Automation\\pythonProject\\test_automation_final_project\\extensions\\verifications.py\", line 10, in verify_equals\n    assert actual==expected,'Verify Equals Failed, Actual:'+str(actual) + 'is not Equals to Expected: ' +str(expected)\n           ^^^^^^^^^^^^^^^^\n"}, "parameters": [{"name": "actual", "value": "'17'"}, {"name": "expected", "value": "'8'"}], "start": 1710674861671, "stop": 1710674861681}], "attachments": [{"source": "e720bc33-945b-44e2-b8d4-4638b8c1314d-attachment.png", "type": "image/png"}], "start": 1710674856848, "stop": 1710674861792, "uuid": "a4bd25ac-106b-4e7d-8ca6-e7dc453a54e6", "testCaseId": "8d4af7095e0ee7e5add3c3846173e7e6", "fullName": "test_cases.test_desktop.Test_Desktop#test_add_numbers_and_verify"}