{"name": "Test02: Arithmetic Actions", "status": "failed", "statusDetails": {"message": "AssertionError: Verify Equals Failed, Actual:0is not Equals to Expected: 5", "trace": "self = <test_cases.test_desktop.Test_Desktop object at 0x000002098405D510>\n\n    @allure.title('Test02: Arithmetic Actions')\n    @allure.description('This test does some arithmetic actions and verifies it')\n    def test_arithmetic_actions(self):\n        DesktopFlows.calculate_flow('2*5+50/2-25')\n>       Verifications.verify_equals(DesktopFlows.get_result_flow(), '5')\n\ntest_cases\\test_desktop.py:22: \n_ _ _ _ _ _ _ _ _ _ _ _ _ _ _ _ _ _ _ _ _ _ _ _ _ _ _ _ _ _ _ _ _ _ _ _ _ _ _ _\n\nactual = '0', expected = '5'\n\n    @staticmethod\n    @allure.step('verify equals')\n    def verify_equals(actual, expected):\n>       assert actual==expected,'Verify Equals Failed, Actual:'+str(actual) + 'is not Equals to Expected: ' +str(expected)\nE       AssertionError: Verify Equals Failed, Actual:0is not Equals to Expected: 5\n\nextensions\\verifications.py:10: AssertionError"}, "description": "This test does some arithmetic actions and verifies it", "steps": [{"name": "Calculate equation", "status": "passed", "steps": [{"name": "click on element", "status": "passed", "parameters": [{"name": "elem", "value": "<selenium.webdriver.support.event_firing_webdriver.EventFiringWebElement object at 0x00000209843BA790>"}], "start": 1710068230259, "stop": 1710068230736}, {"name": "click on element", "status": "passed", "parameters": [{"name": "elem", "value": "<selenium.webdriver.support.event_firing_webdriver.EventFiringWebElement object at 0x00000209843BB3D0>"}], "start": 1710068230871, "stop": 1710068231335}, {"name": "click on element", "status": "passed", "parameters": [{"name": "elem", "value": "<selenium.webdriver.support.event_firing_webdriver.EventFiringWebElement object at 0x00000209843B8290>"}], "start": 1710068231509, "stop": 1710068231919}, {"name": "click on element", "status": "passed", "parameters": [{"name": "elem", "value": "<selenium.webdriver.support.event_firing_webdriver.EventFiringWebElement object at 0x00000209843BB9D0>"}], "start": 1710068232047, "stop": 1710068232437}, {"name": "click on element", "status": "passed", "parameters": [{"name": "elem", "value": "<selenium.webdriver.support.event_firing_webdriver.EventFiringWebElement object at 0x00000209843B86D0>"}], "start": 1710068232657, "stop": 1710068233103}, {"name": "click on element", "status": "passed", "parameters": [{"name": "elem", "value": "<selenium.webdriver.support.event_firing_webdriver.EventFiringWebElement object at 0x00000209843D08D0>"}], "start": 1710068233273, "stop": 1710068233735}, {"name": "click on element", "status": "passed", "parameters": [{"name": "elem", "value": "<selenium.webdriver.support.event_firing_webdriver.EventFiringWebElement object at 0x00000209843D0CD0>"}], "start": 1710068233952, "stop": 1710068234368}, {"name": "click on element", "status": "passed", "parameters": [{"name": "elem", "value": "<selenium.webdriver.support.event_firing_webdriver.EventFiringWebElement object at 0x00000209843D1510>"}], "start": 1710068234590, "stop": 1710068235836}, {"name": "click on element", "status": "passed", "parameters": [{"name": "elem", "value": "<selenium.webdriver.support.event_firing_webdriver.EventFiringWebElement object at 0x0000020984031C90>"}], "start": 1710068235987, "stop": 1710068236418}, {"name": "click on element", "status": "passed", "parameters": [{"name": "elem", "value": "<selenium.webdriver.support.event_firing_webdriver.EventFiringWebElement object at 0x00000209843D1010>"}], "start": 1710068236587, "stop": 1710068237234}, {"name": "click on element", "status": "passed", "parameters": [{"name": "elem", "value": "<selenium.webdriver.support.event_firing_webdriver.EventFiringWebElement object at 0x00000209843D28D0>"}], "start": 1710068237519, "stop": 1710068238018}, {"name": "click on element", "status": "passed", "parameters": [{"name": "elem", "value": "<selenium.webdriver.support.event_firing_webdriver.EventFiringWebElement object at 0x00000209843D24D0>"}], "start": 1710068238161, "stop": 1710068238567}], "parameters": [{"name": "equation", "value": "'2*5+50/2-25'"}], "start": 1710068230107, "stop": 1710068238567}, {"name": "Get calculator result", "status": "passed", "start": 1710068238567, "stop": 1710068238971}, {"name": "verify equals", "status": "failed", "statusDetails": {"message": "AssertionError: Verify Equals Failed, Actual:0is not Equals to Expected: 5\n", "trace": "  File \"C:\\Automation\\pythonProject\\test_automation_final_project\\venv\\Lib\\site-packages\\allure_commons\\_allure.py\", line 192, in impl\n    return func(*a, **kw)\n           ^^^^^^^^^^^^^^\n  File \"C:\\Automation\\pythonProject\\test_automation_final_project\\extensions\\verifications.py\", line 10, in verify_equals\n    assert actual==expected,'Verify Equals Failed, Actual:'+str(actual) + 'is not Equals to Expected: ' +str(expected)\n           ^^^^^^^^^^^^^^^^\n"}, "parameters": [{"name": "actual", "value": "'0'"}, {"name": "expected", "value": "'5'"}], "start": 1710068238971, "stop": 1710068238971}], "attachments": [{"source": "e5926f6b-7976-451e-b177-ecbdbbe3b443-attachment.png", "type": "image/png"}], "start": 1710068230107, "stop": 1710068238991, "uuid": "fdbf766b-1934-4631-a4f7-2cfccfe70ff8", "testCaseId": "4093a486c115a5e4c440b7ec1c57cbc4", "fullName": "test_cases.test_desktop.Test_Desktop#test_arithmetic_actions"}