{"name": "Test01: Adding 2 numbers", "status": "failed", "statusDetails": {"message": "AssertionError: Verify Equals Failed, Actual:7is not Equals to Expected: 8", "trace": "self = <test_cases.test_desktop.Test_Desktop object at 0x00000290E625C9D0>\n\n    @allure.title('Test01: Adding 2 numbers')\n    @allure.description('This test adds 2 numbers and verify the result')\n    def test_add_numbers_and_verify(self):\n        DesktopFlows.calculate_flow('1+7')\n>       Verifications.verify_equals(DesktopFlows.get_result_flow(), '8')\n\ntest_cases\\test_desktop.py:16: \n_ _ _ _ _ _ _ _ _ _ _ _ _ _ _ _ _ _ _ _ _ _ _ _ _ _ _ _ _ _ _ _ _ _ _ _ _ _ _ _\n\nactual = '7', expected = '8'\n\n    @staticmethod\n    @allure.step('verify equals')\n    def verify_equals(actual, expected):\n>       assert actual==expected,'Verify Equals Failed, Actual:'+str(actual) + 'is not Equals to Expected: ' +str(expected)\nE       AssertionError: Verify Equals Failed, Actual:7is not Equals to Expected: 8\n\nextensions\\verifications.py:10: AssertionError"}, "description": "This test adds 2 numbers and verify the result", "steps": [{"name": "Calculate equation", "status": "passed", "steps": [{"name": "click on element", "status": "passed", "parameters": [{"name": "elem", "value": "<selenium.webdriver.support.event_firing_webdriver.EventFiringWebElement object at 0x00000290E65B0B90>"}], "start": 1710247320877, "stop": 1710247321312}, {"name": "click on element", "status": "passed", "parameters": [{"name": "elem", "value": "<selenium.webdriver.support.event_firing_webdriver.EventFiringWebElement object at 0x00000290E65B0F50>"}], "start": 1710247321492, "stop": 1710247321900}, {"name": "click on element", "status": "passed", "parameters": [{"name": "elem", "value": "<selenium.webdriver.support.event_firing_webdriver.EventFiringWebElement object at 0x00000290E65B1510>"}], "start": 1710247322089, "stop": 1710247322494}, {"name": "click on element", "status": "passed", "parameters": [{"name": "elem", "value": "<selenium.webdriver.support.event_firing_webdriver.EventFiringWebElement object at 0x00000290E65B2290>"}], "start": 1710247322659, "stop": 1710247323129}], "parameters": [{"name": "equation", "value": "'1+7'"}], "start": 1710247320622, "stop": 1710247323129}, {"name": "Get calculator result", "status": "passed", "start": 1710247323129, "stop": 1710247323964}, {"name": "verify equals", "status": "failed", "statusDetails": {"message": "AssertionError: Verify Equals Failed, Actual:7is not Equals to Expected: 8\n", "trace": "  File \"C:\\Automation\\pythonProject\\test_automation_final_project\\venv\\Lib\\site-packages\\allure_commons\\_allure.py\", line 192, in impl\n    return func(*a, **kw)\n           ^^^^^^^^^^^^^^\n  File \"C:\\Automation\\pythonProject\\test_automation_final_project\\extensions\\verifications.py\", line 10, in verify_equals\n    assert actual==expected,'Verify Equals Failed, Actual:'+str(actual) + 'is not Equals to Expected: ' +str(expected)\n           ^^^^^^^^^^^^^^^^\n"}, "parameters": [{"name": "actual", "value": "'7'"}, {"name": "expected", "value": "'8'"}], "start": 1710247323964, "stop": 1710247323964}], "attachments": [{"source": "fc665d4e-b147-45ee-a14f-6c89d24e54fe-attachment.png", "type": "image/png"}], "start": 1710247320622, "stop": 1710247323975, "uuid": "3ba8ff70-6713-4505-9bd1-57006dee086c", "testCaseId": "8d4af7095e0ee7e5add3c3846173e7e6", "fullName": "test_cases.test_desktop.Test_Desktop#test_add_numbers_and_verify"}