{"uid":"2f346363608b80d1","name":"Test01: Adding 2 numbers","fullName":"test_cases.test_desktop.Test_Desktop#test_add_numbers_and_verify","time":{"start":1710074521315,"stop":1710074524350,"duration":3035},"description":"This test adds 2 numbers and verify the result","descriptionHtml":"<p>This test adds 2 numbers and verify the result</p>\n","status":"failed","statusMessage":"AssertionError: Verify Equals Failed, Actual:17is not Equals to Expected: 8","statusTrace":"self = <test_cases.test_desktop.Test_Desktop object at 0x00000229D4E3D050>\n\n    @allure.title('Test01: Adding 2 numbers')\n    @allure.description('This test adds 2 numbers and verify the result')\n    def test_add_numbers_and_verify(self):\n        DesktopFlows.calculate_flow('1+7')\n>       Verifications.verify_equals(DesktopFlows.get_result_flow(), '8')\n\ntest_cases\\test_desktop.py:16: \n_ _ _ _ _ _ _ _ _ _ _ _ _ _ _ _ _ _ _ _ _ _ _ _ _ _ _ _ _ _ _ _ _ _ _ _ _ _ _ _\n\nactual = '17', expected = '8'\n\n    @staticmethod\n    @allure.step('verify equals')\n    def verify_equals(actual, expected):\n>       assert actual==expected,'Verify Equals Failed, Actual:'+str(actual) + 'is not Equals to Expected: ' +str(expected)\nE       AssertionError: Verify Equals Failed, Actual:17is not Equals to Expected: 8\n\nextensions\\verifications.py:10: AssertionError","flaky":false,"newFailed":false,"newBroken":false,"newPassed":false,"retriesCount":0,"retriesStatusChange":false,"beforeStages":[{"name":"init_desktop_driver","time":{"start":1710074517938,"stop":1710074521314,"duration":3376},"status":"passed","steps":[],"attachments":[],"parameters":[],"shouldDisplayMessage":false,"attachmentsCount":0,"attachmentStep":false,"hasContent":false,"stepsCount":0},{"name":"_xunit_setup_method_fixture_Test_Desktop","time":{"start":1710074521314,"stop":1710074521314,"duration":0},"status":"passed","steps":[],"attachments":[],"parameters":[],"shouldDisplayMessage":false,"attachmentsCount":0,"attachmentStep":false,"hasContent":false,"stepsCount":0}],"testStage":{"description":"This test adds 2 numbers and verify the result","status":"failed","statusMessage":"AssertionError: Verify Equals Failed, Actual:17is not Equals to Expected: 8","statusTrace":"self = <test_cases.test_desktop.Test_Desktop object at 0x00000229D4E3D050>\n\n    @allure.title('Test01: Adding 2 numbers')\n    @allure.description('This test adds 2 numbers and verify the result')\n    def test_add_numbers_and_verify(self):\n        DesktopFlows.calculate_flow('1+7')\n>       Verifications.verify_equals(DesktopFlows.get_result_flow(), '8')\n\ntest_cases\\test_desktop.py:16: \n_ _ _ _ _ _ _ _ _ _ _ _ _ _ _ _ _ _ _ _ _ _ _ _ _ _ _ _ _ _ _ _ _ _ _ _ _ _ _ _\n\nactual = '17', expected = '8'\n\n    @staticmethod\n    @allure.step('verify equals')\n    def verify_equals(actual, expected):\n>       assert actual==expected,'Verify Equals Failed, Actual:'+str(actual) + 'is not Equals to Expected: ' +str(expected)\nE       AssertionError: Verify Equals Failed, Actual:17is not Equals to Expected: 8\n\nextensions\\verifications.py:10: AssertionError","steps":[{"name":"Calculate equation","time":{"start":1710074521315,"stop":1710074523859,"duration":2544},"status":"passed","steps":[{"name":"click on element","time":{"start":1710074521479,"stop":1710074521823,"duration":344},"status":"passed","steps":[],"attachments":[],"parameters":[{"name":"elem","value":"<selenium.webdriver.support.event_firing_webdriver.EventFiringWebElement object at 0x00000229D5190D10>"}],"shouldDisplayMessage":false,"attachmentsCount":0,"attachmentStep":false,"hasContent":true,"stepsCount":0},{"name":"click on element","time":{"start":1710074521964,"stop":1710074522417,"duration":453},"status":"passed","steps":[],"attachments":[],"parameters":[{"name":"elem","value":"<selenium.webdriver.support.event_firing_webdriver.EventFiringWebElement object at 0x00000229D5190D10>"}],"shouldDisplayMessage":false,"attachmentsCount":0,"attachmentStep":false,"hasContent":true,"stepsCount":0},{"name":"click on element","time":{"start":1710074522670,"stop":1710074523164,"duration":494},"status":"passed","steps":[],"attachments":[],"parameters":[{"name":"elem","value":"<selenium.webdriver.support.event_firing_webdriver.EventFiringWebElement object at 0x00000229D5192090>"}],"shouldDisplayMessage":false,"attachmentsCount":0,"attachmentStep":false,"hasContent":true,"stepsCount":0},{"name":"click on element","time":{"start":1710074523472,"stop":1710074523859,"duration":387},"status":"passed","steps":[],"attachments":[],"parameters":[{"name":"elem","value":"<selenium.webdriver.support.event_firing_webdriver.EventFiringWebElement object at 0x00000229D5192110>"}],"shouldDisplayMessage":false,"attachmentsCount":0,"attachmentStep":false,"hasContent":true,"stepsCount":0}],"attachments":[],"parameters":[{"name":"equation","value":"'1+7'"}],"shouldDisplayMessage":false,"attachmentsCount":0,"attachmentStep":false,"hasContent":true,"stepsCount":4},{"name":"Get calculator result","time":{"start":1710074523860,"stop":1710074524331,"duration":471},"status":"passed","steps":[],"attachments":[],"parameters":[],"shouldDisplayMessage":false,"attachmentsCount":0,"attachmentStep":false,"hasContent":false,"stepsCount":0},{"name":"verify equals","time":{"start":1710074524331,"stop":1710074524331,"duration":0},"status":"failed","statusMessage":"AssertionError: Verify Equals Failed, Actual:17is not Equals to Expected: 8\n","statusTrace":"  File \"C:\\Automation\\pythonProject\\test_automation_final_project\\venv\\Lib\\site-packages\\allure_commons\\_allure.py\", line 192, in impl\n    return func(*a, **kw)\n           ^^^^^^^^^^^^^^\n  File \"C:\\Automation\\pythonProject\\test_automation_final_project\\extensions\\verifications.py\", line 10, in verify_equals\n    assert actual==expected,'Verify Equals Failed, Actual:'+str(actual) + 'is not Equals to Expected: ' +str(expected)\n           ^^^^^^^^^^^^^^^^\n","steps":[],"attachments":[],"parameters":[{"name":"actual","value":"'17'"},{"name":"expected","value":"'8'"}],"shouldDisplayMessage":true,"attachmentsCount":0,"attachmentStep":false,"hasContent":true,"stepsCount":0}],"attachments":[{"type":"image/png","size":0}],"parameters":[],"shouldDisplayMessage":true,"attachmentsCount":1,"attachmentStep":false,"hasContent":true,"stepsCount":7},"afterStages":[{"name":"_xunit_setup_method_fixture_Test_Desktop::0","time":{"start":1710074524937,"stop":1710074527329,"duration":2392},"status":"broken","statusMessage":"selenium.common.exceptions.NoSuchElementException: Message: An element could not be located on the page using the given search parameters.\n\n","statusTrace":"  File \"C:\\Automation\\pythonProject\\test_automation_final_project\\venv\\Lib\\site-packages\\allure_commons\\_allure.py\", line 221, in __call__\n    return self._fixture_function(*args, **kwargs)\n           ^^^^^^^^^^^^^^^^^^^^^^^^^^^^^^^^^^^^^^^\n  File \"C:\\Automation\\pythonProject\\test_automation_final_project\\venv\\Lib\\site-packages\\_pytest\\fixtures.py\", line 911, in _teardown_yield_fixture\n    next(it)\n  File \"C:\\Automation\\pythonProject\\test_automation_final_project\\venv\\Lib\\site-packages\\_pytest\\python.py\", line 910, in xunit_setup_method_fixture\n    _call_with_optional_argument(func, method)\n  File \"C:\\Automation\\pythonProject\\test_automation_final_project\\venv\\Lib\\site-packages\\_pytest\\python.py\", line 779, in _call_with_optional_argument\n    func()\n  File \"C:\\Automation\\pythonProject\\test_automation_final_project\\test_cases\\test_desktop.py\", line 25, in teardown_method\n    DesktopFlows.clear_flow()\n  File \"C:\\Automation\\pythonProject\\test_automation_final_project\\venv\\Lib\\site-packages\\allure_commons\\_allure.py\", line 192, in impl\n    return func(*a, **kw)\n           ^^^^^^^^^^^^^^\n  File \"C:\\Automation\\pythonProject\\test_automation_final_project\\workflows\\desktop_flows.py\", line 57, in clear_flow\n    UiActions.click(page.standard_calc.get_clear())\n                    ^^^^^^^^^^^^^^^^^^^^^^^^^^^^^^\n  File \"C:\\Automation\\pythonProject\\test_automation_final_project\\page_objects\\desktop_objects\\standard_page.py\", line 75, in get_clear\n    return self.driver.find_element(clear[0], clear[1])\n           ^^^^^^^^^^^^^^^^^^^^^^^^^^^^^^^^^^^^^^^^^^^^\n  File \"C:\\Automation\\pythonProject\\test_automation_final_project\\venv\\Lib\\site-packages\\selenium\\webdriver\\support\\event_firing_webdriver.py\", line 101, in find_element\n    return self._dispatch(\"find\", (by, value, self._driver), \"find_element\", (by, value))\n           ^^^^^^^^^^^^^^^^^^^^^^^^^^^^^^^^^^^^^^^^^^^^^^^^^^^^^^^^^^^^^^^^^^^^^^^^^^^^^^\n  File \"C:\\Automation\\pythonProject\\test_automation_final_project\\venv\\Lib\\site-packages\\selenium\\webdriver\\support\\event_firing_webdriver.py\", line 160, in _dispatch\n    raise e\n  File \"C:\\Automation\\pythonProject\\test_automation_final_project\\venv\\Lib\\site-packages\\selenium\\webdriver\\support\\event_firing_webdriver.py\", line 157, in _dispatch\n    result = getattr(self._driver, d_call)(*d_args)\n             ^^^^^^^^^^^^^^^^^^^^^^^^^^^^^^^^^^^^^^\n  File \"C:\\Automation\\pythonProject\\test_automation_final_project\\venv\\Lib\\site-packages\\appium\\webdriver\\webdriver.py\", line 414, in find_element\n    return self.execute(RemoteCommand.FIND_ELEMENT, {'using': by, 'value': value})['value']\n           ^^^^^^^^^^^^^^^^^^^^^^^^^^^^^^^^^^^^^^^^^^^^^^^^^^^^^^^^^^^^^^^^^^^^^^^\n  File \"C:\\Automation\\pythonProject\\test_automation_final_project\\venv\\Lib\\site-packages\\selenium\\webdriver\\remote\\webdriver.py\", line 321, in execute\n    self.error_handler.check_response(response)\n  File \"C:\\Automation\\pythonProject\\test_automation_final_project\\venv\\Lib\\site-packages\\appium\\webdriver\\errorhandler.py\", line 31, in check_response\n    raise wde\n  File \"C:\\Automation\\pythonProject\\test_automation_final_project\\venv\\Lib\\site-packages\\appium\\webdriver\\errorhandler.py\", line 26, in check_response\n    super().check_response(response)\n  File \"C:\\Automation\\pythonProject\\test_automation_final_project\\venv\\Lib\\site-packages\\selenium\\webdriver\\remote\\errorhandler.py\", line 242, in check_response\n    raise exception_class(message, screen, stacktrace)\n","steps":[{"name":"Clear calculator page","time":{"start":1710074524937,"stop":1710074527175,"duration":2238},"status":"broken","statusMessage":"selenium.common.exceptions.NoSuchElementException: Message: An element could not be located on the page using the given search parameters.\n\n","statusTrace":"  File \"C:\\Automation\\pythonProject\\test_automation_final_project\\venv\\Lib\\site-packages\\allure_commons\\_allure.py\", line 192, in impl\n    return func(*a, **kw)\n           ^^^^^^^^^^^^^^\n  File \"C:\\Automation\\pythonProject\\test_automation_final_project\\workflows\\desktop_flows.py\", line 57, in clear_flow\n    UiActions.click(page.standard_calc.get_clear())\n                    ^^^^^^^^^^^^^^^^^^^^^^^^^^^^^^\n  File \"C:\\Automation\\pythonProject\\test_automation_final_project\\page_objects\\desktop_objects\\standard_page.py\", line 75, in get_clear\n    return self.driver.find_element(clear[0], clear[1])\n           ^^^^^^^^^^^^^^^^^^^^^^^^^^^^^^^^^^^^^^^^^^^^\n  File \"C:\\Automation\\pythonProject\\test_automation_final_project\\venv\\Lib\\site-packages\\selenium\\webdriver\\support\\event_firing_webdriver.py\", line 101, in find_element\n    return self._dispatch(\"find\", (by, value, self._driver), \"find_element\", (by, value))\n           ^^^^^^^^^^^^^^^^^^^^^^^^^^^^^^^^^^^^^^^^^^^^^^^^^^^^^^^^^^^^^^^^^^^^^^^^^^^^^^\n  File \"C:\\Automation\\pythonProject\\test_automation_final_project\\venv\\Lib\\site-packages\\selenium\\webdriver\\support\\event_firing_webdriver.py\", line 160, in _dispatch\n    raise e\n  File \"C:\\Automation\\pythonProject\\test_automation_final_project\\venv\\Lib\\site-packages\\selenium\\webdriver\\support\\event_firing_webdriver.py\", line 157, in _dispatch\n    result = getattr(self._driver, d_call)(*d_args)\n             ^^^^^^^^^^^^^^^^^^^^^^^^^^^^^^^^^^^^^^\n  File \"C:\\Automation\\pythonProject\\test_automation_final_project\\venv\\Lib\\site-packages\\appium\\webdriver\\webdriver.py\", line 414, in find_element\n    return self.execute(RemoteCommand.FIND_ELEMENT, {'using': by, 'value': value})['value']\n           ^^^^^^^^^^^^^^^^^^^^^^^^^^^^^^^^^^^^^^^^^^^^^^^^^^^^^^^^^^^^^^^^^^^^^^^\n  File \"C:\\Automation\\pythonProject\\test_automation_final_project\\venv\\Lib\\site-packages\\selenium\\webdriver\\remote\\webdriver.py\", line 321, in execute\n    self.error_handler.check_response(response)\n  File \"C:\\Automation\\pythonProject\\test_automation_final_project\\venv\\Lib\\site-packages\\appium\\webdriver\\errorhandler.py\", line 31, in check_response\n    raise wde\n  File \"C:\\Automation\\pythonProject\\test_automation_final_project\\venv\\Lib\\site-packages\\appium\\webdriver\\errorhandler.py\", line 26, in check_response\n    super().check_response(response)\n  File \"C:\\Automation\\pythonProject\\test_automation_final_project\\venv\\Lib\\site-packages\\selenium\\webdriver\\remote\\errorhandler.py\", line 242, in check_response\n    raise exception_class(message, screen, stacktrace)\n","steps":[],"attachments":[],"parameters":[],"shouldDisplayMessage":true,"attachmentsCount":0,"attachmentStep":false,"hasContent":true,"stepsCount":0}],"attachments":[],"parameters":[],"shouldDisplayMessage":false,"attachmentsCount":0,"attachmentStep":false,"hasContent":true,"stepsCount":1},{"name":"init_desktop_driver::0","time":{"start":1710074527332,"stop":1710074527356,"duration":24},"status":"passed","steps":[],"attachments":[],"parameters":[],"shouldDisplayMessage":false,"attachmentsCount":0,"attachmentStep":false,"hasContent":false,"stepsCount":0}],"labels":[{"name":"resultFormat","value":"allure2"}],"parameters":[],"links":[],"hidden":false,"retry":false,"extra":{"severity":"normal","categories":[{"name":"Product defects","matchedStatuses":[],"flaky":false}],"tags":[]},"source":"2f346363608b80d1.json","parameterValues":[]}